<?xml version="1.0" encoding="UTF-8"?>
<testsuite xmlns:xsi="http://www.w3.org/2001/XMLSchema-instance" xsi:noNamespaceSchemaLocation="https://maven.apache.org/surefire/maven-surefire-plugin/xsd/surefire-test-report-3.0.xsd" version="3.0" name="cucumber.Options.PlaceValidationTest" time="4.748" tests="2" errors="0" skipped="0" failures="0">
  <properties>
[...]
</properties>
  <testcase name="Example #1.1" classname="Examples" time="2.347">
    <system-out><![CDATA[
@AddPlace @Regression
Scenario Outline: Verify if place is added successfully                    &amp#27;[90m# features/placeValidations.feature:14&amp#27;[0m
  &amp#27;[32mGiven &amp#27;[0m&amp#27;[32mAdd Place Payload &amp#27;[0m&amp#27;[32m&amp#27;[1m"OrganicHouse"&amp#27;[0m&amp#27;[32m &amp#27;[0m&amp#27;[32m&amp#27;[1m"English"&amp#27;[0m&amp#27;[32m &amp#27;[0m&amp#27;[32m&amp#27;[1m"White House Main Road"&amp#27;[0m &amp#27;[90m# stepDefinations.StepDefinationPlaceValidation.add_place_payload(java.lang.String,java.lang.String,java.lang.String)&amp#27;[0m
/maps/api/place/add/json
  &amp#27;[32mWhen &amp#27;[0m&amp#27;[32muser calls &amp#27;[0m&amp#27;[32m&amp#27;[1m"AddPlaceAPI"&amp#27;[0m&amp#27;[32m with &amp#27;[0m&amp#27;[32m&amp#27;[1m"POST"&amp#27;[0m&amp#27;[32m http request&amp#27;[0m                   &amp#27;[90m# stepDefinations.StepDefinationPlaceValidation.user_calls_with_http_request(java.lang.String,java.lang.String)&amp#27;[0m
  &amp#27;[32mThen &amp#27;[0m&amp#27;[32mapi call should get success with status code of &amp#27;[0m&amp#27;[32m&amp#27;[1m200&amp#27;[0m                 &amp#27;[90m# stepDefinations.StepDefinationPlaceValidation.api_call_should_get_success_with_status_code_of(java.lang.Integer)&amp#27;[0m
status
OK
  &amp#27;[32mAnd &amp#27;[0m&amp#27;[32m&amp#27;[0m&amp#27;[32m&amp#27;[1m"status"&amp#27;[0m&amp#27;[32m in response body is &amp#27;[0m&amp#27;[32m&amp#27;[1m"OK"&amp#27;[0m                                    &amp#27;[90m# stepDefinations.StepDefinationPlaceValidation.status_in_response_body_is_ok(java.lang.String,java.lang.String)&amp#27;[0m
scope
APP
  &amp#27;[32mAnd &amp#27;[0m&amp#27;[32m&amp#27;[0m&amp#27;[32m&amp#27;[1m"scope"&amp#27;[0m&amp#27;[32m in response body is &amp#27;[0m&amp#27;[32m&amp#27;[1m"APP"&amp#27;[0m                                    &amp#27;[90m# stepDefinations.StepDefinationPlaceValidation.status_in_response_body_is_ok(java.lang.String,java.lang.String)&amp#27;[0m
/maps/api/place/get/json
  &amp#27;[32mAnd &amp#27;[0m&amp#27;[32mverify place_Id created maps to &amp#27;[0m&amp#27;[32m&amp#27;[1m"OrganicHouse"&amp#27;[0m&amp#27;[32m using &amp#27;[0m&amp#27;[32m&amp#27;[1m"GetPlaceAPI"&amp#27;[0m   &amp#27;[90m# stepDefinations.StepDefinationPlaceValidation.verify_place_id_created_maps_to_using(java.lang.String,java.lang.String)&amp#27;[0m
]]></system-out>
  </testcase>
  <testcase name="Verify if Delete Place functinality is working fine" classname="Validate place API&apos;s" time="2.079">
    <system-out><![CDATA[
@DeletePlace @Regression
Scenario: Verify if Delete Place functinality is working fine &amp#27;[90m# features/placeValidations.feature:17&amp#27;[0m
  &amp#27;[32mGiven &amp#27;[0m&amp#27;[32mDeletePlace Payload&amp#27;[0m                                   &amp#27;[90m# stepDefinations.StepDefinationPlaceValidation.delete_place_payload()&amp#27;[0m
/maps/api/place/delete/json
  &amp#27;[32mWhen &amp#27;[0m&amp#27;[32muser calls &amp#27;[0m&amp#27;[32m&amp#27;[1m"DeletePlaceAPI"&amp#27;[0m&amp#27;[32m with &amp#27;[0m&amp#27;[32m&amp#27;[1m"POST"&amp#27;[0m&amp#27;[32m http request&amp#27;[0m   &amp#27;[90m# stepDefinations.StepDefinationPlaceValidation.user_calls_with_http_request(java.lang.String,java.lang.String)&amp#27;[0m
  &amp#27;[32mThen &amp#27;[0m&amp#27;[32mapi call should get success with status code of &amp#27;[0m&amp#27;[32m&amp#27;[1m200&amp#27;[0m    &amp#27;[90m# stepDefinations.StepDefinationPlaceValidation.api_call_should_get_success_with_status_code_of(java.lang.Integer)&amp#27;[0m
status
OK
  &amp#27;[32mAnd &amp#27;[0m&amp#27;[32m&amp#27;[0m&amp#27;[32m&amp#27;[1m"status"&amp#27;[0m&amp#27;[32m in response body is &amp#27;[0m&amp#27;[32m&amp#27;[1m"OK"&amp#27;[0m                       &amp#27;[90m# stepDefinations.StepDefinationPlaceValidation.status_in_response_body_is_ok(java.lang.String,java.lang.String)&amp#27;[0m
]]></system-out>
  </testcase>
</testsuite>